<?xml version="1.0" encoding="UTF-8"?>
<testsuite name="com.jojoldu.book.springboot.web.HelloControllerTest" tests="2" skipped="0" failures="0" errors="0" timestamp="2022-04-30T01:38:18" hostname="DESKTOP-JJ6QFRQ" time="0.24">
  <properties/>
  <testcase name="hello가_리턴된다" classname="com.jojoldu.book.springboot.web.HelloControllerTest" time="0.103"/>
  <testcase name="helloDto가_리턴된다" classname="com.jojoldu.book.springboot.web.HelloControllerTest" time="0.136"/>
  <system-out><![CDATA[2022-04-30 10:38:16.641  INFO 9632 --- [    Test worker] .b.t.a.w.s.WebMvcTestContextBootstrapper : Neither @ContextConfiguration nor @ContextHierarchy found for test class [com.jojoldu.book.springboot.web.HelloControllerTest], using SpringBootContextLoader
2022-04-30 10:38:16.656  INFO 9632 --- [    Test worker] o.s.t.c.support.AbstractContextLoader    : Could not detect default resource locations for test class [com.jojoldu.book.springboot.web.HelloControllerTest]: no resource found for suffixes {-context.xml, Context.groovy}.
2022-04-30 10:38:16.656  INFO 9632 --- [    Test worker] t.c.s.AnnotationConfigContextLoaderUtils : Could not detect default configuration classes for test class [com.jojoldu.book.springboot.web.HelloControllerTest]: HelloControllerTest does not declare any static, non-private, non-final, nested classes annotated with @Configuration.
2022-04-30 10:38:16.703  INFO 9632 --- [    Test worker] .b.t.c.SpringBootTestContextBootstrapper : Found @SpringBootConfiguration com.jojoldu.book.springboot.Application for test class com.jojoldu.book.springboot.web.HelloControllerTest
2022-04-30 10:38:16.703  INFO 9632 --- [    Test worker] .b.t.a.w.s.WebMvcTestContextBootstrapper : Loaded default TestExecutionListener class names from location [META-INF/spring.factories]: [org.springframework.security.test.context.support.WithSecurityContextTestExecutionListener, org.springframework.security.test.context.support.ReactorContextTestExecutionListener, org.springframework.boot.test.autoconfigure.restdocs.RestDocsTestExecutionListener, org.springframework.boot.test.autoconfigure.web.client.MockRestServiceServerResetTestExecutionListener, org.springframework.boot.test.autoconfigure.web.servlet.MockMvcPrintOnlyOnFailureTestExecutionListener, org.springframework.boot.test.autoconfigure.web.servlet.WebDriverTestExecutionListener, org.springframework.boot.test.mock.mockito.MockitoTestExecutionListener, org.springframework.boot.test.mock.mockito.ResetMocksTestExecutionListener, org.springframework.test.context.web.ServletTestExecutionListener, org.springframework.test.context.support.DirtiesContextBeforeModesTestExecutionListener, org.springframework.test.context.support.DependencyInjectionTestExecutionListener, org.springframework.test.context.support.DirtiesContextTestExecutionListener, org.springframework.test.context.transaction.TransactionalTestExecutionListener, org.springframework.test.context.jdbc.SqlScriptsTestExecutionListener]
2022-04-30 10:38:16.703  INFO 9632 --- [    Test worker] .b.t.a.w.s.WebMvcTestContextBootstrapper : Using TestExecutionListeners: [org.springframework.test.context.web.ServletTestExecutionListener@38132a4b, org.springframework.test.context.support.DirtiesContextBeforeModesTestExecutionListener@65a14f2, org.springframework.boot.test.mock.mockito.MockitoTestExecutionListener@347238eb, org.springframework.boot.test.autoconfigure.SpringBootDependencyInjectionTestExecutionListener@7215e18b, org.springframework.test.context.support.DirtiesContextTestExecutionListener@5375ccf0, org.springframework.test.context.transaction.TransactionalTestExecutionListener@55eafe8, org.springframework.test.context.jdbc.SqlScriptsTestExecutionListener@204e7ac8, org.springframework.security.test.context.support.WithSecurityContextTestExecutionListener@7d0acef3, org.springframework.security.test.context.support.ReactorContextTestExecutionListener@658fee, org.springframework.boot.test.autoconfigure.restdocs.RestDocsTestExecutionListener@70b451e5, org.springframework.boot.test.autoconfigure.web.client.MockRestServiceServerResetTestExecutionListener@23fffd01, org.springframework.boot.test.autoconfigure.web.servlet.MockMvcPrintOnlyOnFailureTestExecutionListener@829c2db, org.springframework.boot.test.autoconfigure.web.servlet.WebDriverTestExecutionListener@249f26cf, org.springframework.boot.test.mock.mockito.ResetMocksTestExecutionListener@767670c0]

  .   ____          _            __ _ _
 /\\ / ___'_ __ _ _(_)_ __  __ _ \ \ \ \
( ( )\___ | '_ | '_| | '_ \/ _` | \ \ \ \
 \\/  ___)| |_)| | | | | || (_| |  ) ) ) )
  '  |____| .__|_| |_|_| |_\__, | / / / /
 =========|_|==============|___/=/_/_/_/
 :: Spring Boot ::        (v2.1.7.RELEASE)

2022-04-30 10:38:16.797  INFO 9632 --- [    Test worker] c.j.b.s.web.HelloControllerTest          : Starting HelloControllerTest on DESKTOP-JJ6QFRQ with PID 9632 (started by CJ in C:\Users\CJ\DY\skill-up-book01)
2022-04-30 10:38:16.797  INFO 9632 --- [    Test worker] c.j.b.s.web.HelloControllerTest          : The following profiles are active: oauth
2022-04-30 10:38:17.512  INFO 9632 --- [    Test worker] o.s.s.concurrent.ThreadPoolTaskExecutor  : Initializing ExecutorService 'applicationTaskExecutor'
2022-04-30 10:38:17.558  INFO 9632 --- [    Test worker] o.s.b.a.w.s.WelcomePageHandlerMapping    : Adding welcome page template: index
2022-04-30 10:38:17.901  INFO 9632 --- [    Test worker] .s.s.UserDetailsServiceAutoConfiguration : 

Using generated security password: 8b6d16fb-0ece-4609-a413-58f7c235846e

2022-04-30 10:38:18.136  INFO 9632 --- [    Test worker] o.s.s.web.DefaultSecurityFilterChain     : Creating filter chain: any request, [org.springframework.security.web.context.request.async.WebAsyncManagerIntegrationFilter@185bfe3, org.springframework.security.web.context.SecurityContextPersistenceFilter@6b7d5cc9, org.springframework.security.web.header.HeaderWriterFilter@436d9af5, org.springframework.security.web.csrf.CsrfFilter@549668d9, org.springframework.security.web.authentication.logout.LogoutFilter@372c5a21, org.springframework.security.web.authentication.UsernamePasswordAuthenticationFilter@21a4c653, org.springframework.security.web.authentication.ui.DefaultLoginPageGeneratingFilter@358f6d59, org.springframework.security.web.authentication.ui.DefaultLogoutPageGeneratingFilter@149651e0, org.springframework.security.web.authentication.www.BasicAuthenticationFilter@17916ac6, org.springframework.security.web.savedrequest.RequestCacheAwareFilter@69a4c767, org.springframework.security.web.servletapi.SecurityContextHolderAwareRequestFilter@46b15294, org.springframework.security.web.authentication.AnonymousAuthenticationFilter@8cddeee, org.springframework.security.web.session.SessionManagementFilter@245af2e1, org.springframework.security.web.access.ExceptionTranslationFilter@1f33ad0c, org.springframework.security.web.access.intercept.FilterSecurityInterceptor@6083e0a7]
2022-04-30 10:38:18.196  INFO 9632 --- [    Test worker] o.s.b.t.m.w.SpringBootMockServletContext : Initializing Spring TestDispatcherServlet ''
2022-04-30 10:38:18.196  INFO 9632 --- [    Test worker] o.s.t.web.servlet.TestDispatcherServlet  : Initializing Servlet ''
2022-04-30 10:38:18.227  INFO 9632 --- [    Test worker] o.s.t.web.servlet.TestDispatcherServlet  : Completed initialization in 31 ms
2022-04-30 10:38:18.274  INFO 9632 --- [    Test worker] c.j.b.s.web.HelloControllerTest          : Started HelloControllerTest in 1.555 seconds (JVM running for 12.834)
]]></system-out>
  <system-err><![CDATA[]]></system-err>
</testsuite>
