<?xml version="1.0" encoding="UTF-8"?>
<testsuite name="com.jojoldu.book.springboot.web.HelloControllerTest" tests="2" skipped="0" failures="0" errors="0" timestamp="2022-04-28T11:47:00" hostname="DESKTOP-JJ6QFRQ" time="0.256">
  <properties/>
  <testcase name="hello가_리턴된다" classname="com.jojoldu.book.springboot.web.HelloControllerTest" time="0.107"/>
  <testcase name="helloDto가_리턴된다" classname="com.jojoldu.book.springboot.web.HelloControllerTest" time="0.148"/>
  <system-out><![CDATA[2022-04-28 20:46:59.062  INFO 8700 --- [    Test worker] .b.t.a.w.s.WebMvcTestContextBootstrapper : Neither @ContextConfiguration nor @ContextHierarchy found for test class [com.jojoldu.book.springboot.web.HelloControllerTest], using SpringBootContextLoader
2022-04-28 20:46:59.078  INFO 8700 --- [    Test worker] o.s.t.c.support.AbstractContextLoader    : Could not detect default resource locations for test class [com.jojoldu.book.springboot.web.HelloControllerTest]: no resource found for suffixes {-context.xml, Context.groovy}.
2022-04-28 20:46:59.078  INFO 8700 --- [    Test worker] t.c.s.AnnotationConfigContextLoaderUtils : Could not detect default configuration classes for test class [com.jojoldu.book.springboot.web.HelloControllerTest]: HelloControllerTest does not declare any static, non-private, non-final, nested classes annotated with @Configuration.
2022-04-28 20:46:59.125  INFO 8700 --- [    Test worker] .b.t.c.SpringBootTestContextBootstrapper : Found @SpringBootConfiguration com.jojoldu.book.springboot.Application for test class com.jojoldu.book.springboot.web.HelloControllerTest
2022-04-28 20:46:59.125  INFO 8700 --- [    Test worker] .b.t.a.w.s.WebMvcTestContextBootstrapper : Loaded default TestExecutionListener class names from location [META-INF/spring.factories]: [org.springframework.security.test.context.support.WithSecurityContextTestExecutionListener, org.springframework.security.test.context.support.ReactorContextTestExecutionListener, org.springframework.boot.test.autoconfigure.restdocs.RestDocsTestExecutionListener, org.springframework.boot.test.autoconfigure.web.client.MockRestServiceServerResetTestExecutionListener, org.springframework.boot.test.autoconfigure.web.servlet.MockMvcPrintOnlyOnFailureTestExecutionListener, org.springframework.boot.test.autoconfigure.web.servlet.WebDriverTestExecutionListener, org.springframework.boot.test.mock.mockito.MockitoTestExecutionListener, org.springframework.boot.test.mock.mockito.ResetMocksTestExecutionListener, org.springframework.test.context.web.ServletTestExecutionListener, org.springframework.test.context.support.DirtiesContextBeforeModesTestExecutionListener, org.springframework.test.context.support.DependencyInjectionTestExecutionListener, org.springframework.test.context.support.DirtiesContextTestExecutionListener, org.springframework.test.context.transaction.TransactionalTestExecutionListener, org.springframework.test.context.jdbc.SqlScriptsTestExecutionListener]
2022-04-28 20:46:59.125  INFO 8700 --- [    Test worker] .b.t.a.w.s.WebMvcTestContextBootstrapper : Using TestExecutionListeners: [org.springframework.test.context.web.ServletTestExecutionListener@76c56b9a, org.springframework.test.context.support.DirtiesContextBeforeModesTestExecutionListener@1ad21ec9, org.springframework.boot.test.mock.mockito.MockitoTestExecutionListener@430c755e, org.springframework.boot.test.autoconfigure.SpringBootDependencyInjectionTestExecutionListener@6b8a5128, org.springframework.test.context.support.DirtiesContextTestExecutionListener@364e7e78, org.springframework.test.context.transaction.TransactionalTestExecutionListener@3c600a2e, org.springframework.test.context.jdbc.SqlScriptsTestExecutionListener@1ce62e79, org.springframework.security.test.context.support.WithSecurityContextTestExecutionListener@25dc3fdc, org.springframework.security.test.context.support.ReactorContextTestExecutionListener@602438a1, org.springframework.boot.test.autoconfigure.restdocs.RestDocsTestExecutionListener@5c297ff1, org.springframework.boot.test.autoconfigure.web.client.MockRestServiceServerResetTestExecutionListener@719107eb, org.springframework.boot.test.autoconfigure.web.servlet.MockMvcPrintOnlyOnFailureTestExecutionListener@3577f4da, org.springframework.boot.test.autoconfigure.web.servlet.WebDriverTestExecutionListener@74d733e5, org.springframework.boot.test.mock.mockito.ResetMocksTestExecutionListener@63160c79]

  .   ____          _            __ _ _
 /\\ / ___'_ __ _ _(_)_ __  __ _ \ \ \ \
( ( )\___ | '_ | '_| | '_ \/ _` | \ \ \ \
 \\/  ___)| |_)| | | | | || (_| |  ) ) ) )
  '  |____| .__|_| |_|_| |_\__, | / / / /
 =========|_|==============|___/=/_/_/_/
 :: Spring Boot ::        (v2.1.7.RELEASE)

2022-04-28 20:46:59.242  INFO 8700 --- [    Test worker] c.j.b.s.web.HelloControllerTest          : Starting HelloControllerTest on DESKTOP-JJ6QFRQ with PID 8700 (started by CJ in C:\Users\CJ\DY\skill-up-book01)
2022-04-28 20:46:59.242  INFO 8700 --- [    Test worker] c.j.b.s.web.HelloControllerTest          : The following profiles are active: oauth
2022-04-28 20:46:59.945  INFO 8700 --- [    Test worker] o.s.s.concurrent.ThreadPoolTaskExecutor  : Initializing ExecutorService 'applicationTaskExecutor'
2022-04-28 20:46:59.992  INFO 8700 --- [    Test worker] o.s.b.a.w.s.WelcomePageHandlerMapping    : Adding welcome page template: index
2022-04-28 20:47:00.351  INFO 8700 --- [    Test worker] .s.s.UserDetailsServiceAutoConfiguration : 

Using generated security password: 46b55cf8-9c6e-470e-8fe0-5ffd9e947c2a

2022-04-28 20:47:00.593  INFO 8700 --- [    Test worker] o.s.s.web.DefaultSecurityFilterChain     : Creating filter chain: any request, [org.springframework.security.web.context.request.async.WebAsyncManagerIntegrationFilter@5aea2b5b, org.springframework.security.web.context.SecurityContextPersistenceFilter@48439e4f, org.springframework.security.web.header.HeaderWriterFilter@4bc78423, org.springframework.security.web.csrf.CsrfFilter@151a72ac, org.springframework.security.web.authentication.logout.LogoutFilter@659e38b, org.springframework.security.web.authentication.UsernamePasswordAuthenticationFilter@64da4c31, org.springframework.security.web.authentication.ui.DefaultLoginPageGeneratingFilter@2ea086cd, org.springframework.security.web.authentication.ui.DefaultLogoutPageGeneratingFilter@42c9ae58, org.springframework.security.web.authentication.www.BasicAuthenticationFilter@dd91574, org.springframework.security.web.savedrequest.RequestCacheAwareFilter@2445435d, org.springframework.security.web.servletapi.SecurityContextHolderAwareRequestFilter@53543d6a, org.springframework.security.web.authentication.AnonymousAuthenticationFilter@77e71c0, org.springframework.security.web.session.SessionManagementFilter@d8e00e5, org.springframework.security.web.access.ExceptionTranslationFilter@309b8e34, org.springframework.security.web.access.intercept.FilterSecurityInterceptor@64e46d4d]
2022-04-28 20:47:00.640  INFO 8700 --- [    Test worker] o.s.b.t.m.w.SpringBootMockServletContext : Initializing Spring TestDispatcherServlet ''
2022-04-28 20:47:00.640  INFO 8700 --- [    Test worker] o.s.t.web.servlet.TestDispatcherServlet  : Initializing Servlet ''
2022-04-28 20:47:00.655  INFO 8700 --- [    Test worker] o.s.t.web.servlet.TestDispatcherServlet  : Completed initialization in 15 ms
2022-04-28 20:47:00.702  INFO 8700 --- [    Test worker] c.j.b.s.web.HelloControllerTest          : Started HelloControllerTest in 1.577 seconds (JVM running for 12.742)
]]></system-out>
  <system-err><![CDATA[]]></system-err>
</testsuite>
